[2026-02-17T05:07:24.644Z] [INFO] STATS: uptime=11.1s loadavg=1.02 MEM: rss=232.0MB heap=7.1MB CPU: user=2351ms system=112ms
[2026-02-17T05:07:34.644Z] [INFO] STATS: uptime=21.1s loadavg=0.87 MEM: rss=232.7MB heap=7.1MB CPU: user=2353ms system=113ms
[2026-02-17T05:07:44.645Z] [INFO] STATS: uptime=31.1s loadavg=0.81 MEM: rss=208.0MB heap=7.4MB CPU: user=2808ms system=126ms
[2026-02-17T05:07:54.646Z] [INFO] STATS: uptime=41.1s loadavg=0.69 MEM: rss=208.0MB heap=7.4MB CPU: user=2812ms system=126ms
[2026-02-17T05:08:06.361Z] [WARN] Event loop lag detected: 9685ms
[2026-02-17T05:08:06.361Z] [INFO] STATS: uptime=52.8s loadavg=0.81 MEM: rss=210.7MB heap=8.1MB CPU: user=12801ms system=138ms
[2026-02-17T05:08:16.362Z] [INFO] STATS: uptime=62.8s loadavg=0.76 MEM: rss=210.7MB heap=8.1MB CPU: user=12802ms system=139ms
[2026-02-17T05:08:23.356Z] [ERROR] UNCAUGHT_EXCEPTION: Error: Controlled Crash for Monitoring Test
    at Immediate.<anonymous> (file:///home/techinject/WebstormProjects/server_testing/index.ts:29:15)
    at process.processImmediate (node:internal/timers:485:21)
[2026-02-17T05:08:23.356Z] [INFO] PROCESS EXIT code=1
[2026-02-17T05:46:37.066Z] [ERROR] UNCAUGHT_EXCEPTION: Error: Controlled Crash for Monitoring Test
    at Immediate.<anonymous> (file:///home/techinject/WebstormProjects/server_testing/dist/index.js:29:15)
    at process.processImmediate (node:internal/timers:485:21)
[2026-02-17T05:46:37.067Z] [INFO] PROCESS EXIT code=1
[2026-02-17T05:54:46.639Z] [INFO] SIGINT received.
[2026-02-17T05:54:46.808Z] [INFO] SIGINT received.
[2026-02-17T05:54:46.964Z] [INFO] SIGINT received.
[2026-02-17T05:54:49.027Z] [INFO] SIGINT received.
[2026-02-17T05:54:49.213Z] [INFO] SIGINT received.
[2026-02-17T05:54:49.380Z] [INFO] SIGINT received.
[2026-02-17T05:54:49.547Z] [INFO] SIGINT received.
[2026-02-17T05:54:49.729Z] [INFO] SIGINT received.
[2026-02-17T05:54:49.919Z] [INFO] SIGINT received.
[2026-02-17T05:54:50.144Z] [INFO] SIGINT received.
[2026-02-17T05:54:52.896Z] [INFO] STATS: uptime=10.1s loadavg=0.81 MEM: rss=57.0MB heap=7.0MB CPU: user=118ms system=18ms
[2026-02-17T06:24:23.461Z] [INFO] STATS: uptime=10.1s loadavg=0.65 MEM: rss=55.8MB heap=6.9MB CPU: user=145ms system=16ms
[2026-02-17T06:24:33.461Z] [INFO] STATS: uptime=20.1s loadavg=0.55 MEM: rss=57.5MB heap=7.1MB CPU: user=248ms system=21ms
[2026-02-17T06:24:42.740Z] [INFO] SIGINT received.
[2026-02-17T06:24:42.947Z] [INFO] SIGINT received.
[2026-02-17T06:24:43.134Z] [INFO] SIGINT received.
[2026-02-17T06:24:43.382Z] [INFO] SIGINT received.
[2026-02-17T06:24:43.461Z] [INFO] STATS: uptime=30.1s loadavg=0.86 MEM: rss=58.0MB heap=6.0MB CPU: user=859ms system=55ms
[2026-02-17T06:24:43.579Z] [INFO] SIGINT received.
[2026-02-17T06:24:44.410Z] [INFO] SIGINT received.
[2026-02-17T06:24:44.637Z] [INFO] SIGINT received.
[2026-02-17T06:24:44.814Z] [INFO] SIGINT received.
[2026-02-17T06:24:44.991Z] [INFO] SIGINT received.
[2026-02-17T06:24:45.158Z] [INFO] SIGINT received.
[2026-02-17T06:24:45.344Z] [INFO] SIGINT received.
[2026-02-17T06:24:45.526Z] [INFO] SIGINT received.
[2026-02-17T06:24:45.700Z] [INFO] SIGINT received.
[2026-02-17T06:24:46.314Z] [INFO] SIGINT received.
[2026-02-17T06:24:47.171Z] [INFO] SIGINT received.
[2026-02-17T06:24:47.390Z] [INFO] SIGINT received.
[2026-02-17T06:24:47.560Z] [INFO] SIGINT received.
[2026-02-17T06:24:53.461Z] [INFO] STATS: uptime=40.1s loadavg=1.34 MEM: rss=57.9MB heap=6.0MB CPU: user=1523ms system=95ms
[2026-02-17T06:25:03.461Z] [INFO] STATS: uptime=50.1s loadavg=1.69 MEM: rss=58.2MB heap=6.1MB CPU: user=2073ms system=129ms
[2026-02-17T06:26:49.491Z] [INFO] STATS: uptime=10.1s loadavg=1.44 MEM: rss=62.1MB heap=6.0MB CPU: user=388ms system=23ms
[2026-02-17T06:26:57.718Z] [INFO] SIGINT received.
[2026-02-17T06:26:57.898Z] [INFO] SIGINT received.
[2026-02-17T06:26:58.241Z] [INFO] SIGINT received.
[2026-02-17T06:26:58.389Z] [INFO] SIGINT received.
[2026-02-17T06:26:59.491Z] [INFO] STATS: uptime=20.1s loadavg=1.77 MEM: rss=62.7MB heap=6.0MB CPU: user=1050ms system=47ms
[2026-02-17T06:27:04.529Z] [INFO] SIGINT received.
[2026-02-17T06:27:04.718Z] [INFO] SIGINT received.
[2026-02-17T06:27:04.892Z] [INFO] SIGINT received.
[2026-02-17T06:28:54.105Z] [INFO] STATS: uptime=10.1s loadavg=1.04 MEM: rss=62.0MB heap=6.0MB CPU: user=443ms system=38ms
[2026-02-17T06:42:01.467Z] [INFO] STATS: uptime=10.1s loadavg=0.82 MEM: rss=62.3MB heap=6.0MB CPU: user=407ms system=29ms
[2026-02-17T06:42:03.367Z] [INFO] SIGINT received.
[2026-02-17T06:42:03.557Z] [INFO] SIGINT received.
[2026-02-17T06:42:03.754Z] [INFO] SIGINT received.
[2026-02-17T06:42:03.967Z] [INFO] SIGINT received.
[2026-02-17T06:42:04.145Z] [INFO] SIGINT received.
[2026-02-17T06:42:04.328Z] [INFO] SIGINT received.
[2026-02-17T06:42:04.503Z] [INFO] SIGINT received.
[2026-02-17T06:42:11.467Z] [INFO] STATS: uptime=20.1s loadavg=0.92 MEM: rss=62.8MB heap=6.0MB CPU: user=1055ms system=65ms
[2026-02-17T06:42:21.468Z] [INFO] STATS: uptime=30.1s loadavg=1.01 MEM: rss=63.1MB heap=6.0MB CPU: user=1714ms system=102ms
[2026-02-17T06:42:37.005Z] [INFO] SIGINT received.
[2026-02-17T06:42:37.171Z] [INFO] SIGINT received.
[2026-02-17T06:42:37.314Z] [INFO] SIGINT received.
[2026-02-17T06:42:41.849Z] [INFO] STATS: uptime=10.1s loadavg=1.23 MEM: rss=56.8MB heap=6.9MB CPU: user=138ms system=14ms
[2026-02-17T06:42:41.867Z] [INFO] SIGINT received.
[2026-02-17T06:42:42.038Z] [INFO] SIGINT received.
[2026-02-17T06:42:42.209Z] [INFO] SIGINT received.
[2026-02-17T06:43:31.650Z] [INFO] STATS: uptime=10.1s loadavg=1.20 MEM: rss=211.8MB heap=7.1MB CPU: user=148ms system=97ms
[2026-02-17T06:43:33.830Z] [INFO] SIGINT received.
[2026-02-17T06:43:34.086Z] [INFO] SIGINT received.
[2026-02-17T06:43:34.269Z] [INFO] SIGINT received.
[2026-02-17T06:43:34.464Z] [INFO] SIGINT received.
